#! /usr/bin/vvp
:ivl_version "0.9.7 " "(v0_9_7)";
:vpi_time_precision + 0;
:vpi_module "system";
:vpi_module "v2005_math";
:vpi_module "va_math";
S_0x13c00e0 .scope module, "test" "test" 2 1;
 .timescale 0 0;
P_0x13bdfb8 .param/l "STEP" 2 6, +C4<01010>;
v0x13f1a00_0 .var "clk", 0 0;
v0x13f1cf0_0 .var "plan_in", 31 0;
v0x13f1d70_0 .net "plan_out", 15 0, v0x13f1aa0_0; 1 drivers
v0x13f1df0_0 .var "rst_n", 0 0;
S_0x13beea0 .scope module, "s0" "sigmoid" 2 10, 3 17, S_0x13c00e0;
 .timescale 0 0;
v0x13bd890_0 .net *"_s10", 0 0, L_0x13f21b0; 1 drivers
v0x13f0000_0 .net *"_s14", 31 0, C4<00000010011000000000000000000000>; 1 drivers
v0x13f00a0_0 .net *"_s16", 0 0, L_0x13f24c0; 1 drivers
v0x13f0140_0 .net *"_s18", 0 0, C4<1>; 1 drivers
v0x13f01f0_0 .net *"_s2", 31 0, C4<00000101000000000000000000000000>; 1 drivers
v0x13f0290_0 .net *"_s20", 0 0, C4<0>; 1 drivers
v0x13f0370_0 .net *"_s22", 0 0, L_0x13f26c0; 1 drivers
v0x13f0410_0 .net *"_s26", 31 0, C4<00000001000000000000000000000000>; 1 drivers
v0x13f0500_0 .net *"_s28", 0 0, L_0x13f29c0; 1 drivers
v0x13f05a0_0 .net *"_s30", 0 0, C4<1>; 1 drivers
v0x13f06a0_0 .net *"_s32", 0 0, C4<0>; 1 drivers
v0x13f0740_0 .net *"_s34", 0 0, L_0x13f2b50; 1 drivers
v0x13f0850_0 .net *"_s38", 26 0, L_0x13f2d30; 1 drivers
v0x13f08f0_0 .net *"_s4", 0 0, L_0x13f2030; 1 drivers
v0x13f0a10_0 .net *"_s40", 4 0, C4<00000>; 1 drivers
v0x13f0ab0_0 .net *"_s44", 28 0, L_0x13f2fa0; 1 drivers
v0x13f0970_0 .net *"_s46", 2 0, C4<000>; 1 drivers
v0x13f0c00_0 .net *"_s50", 29 0, L_0x13f3170; 1 drivers
v0x13f0d20_0 .net *"_s52", 1 0, C4<00>; 1 drivers
v0x13f0da0_0 .net *"_s54", 0 0, C4<0>; 1 drivers
v0x13f0c80_0 .net *"_s57", 14 0, L_0x13f3450; 1 drivers
v0x13f0ed0_0 .net *"_s6", 0 0, C4<1>; 1 drivers
v0x13f0e20_0 .net *"_s60", 0 0, C4<0>; 1 drivers
v0x13f1010_0 .net *"_s63", 14 0, L_0x13f3750; 1 drivers
v0x13f0f70_0 .net *"_s66", 0 0, C4<0>; 1 drivers
v0x13f1160_0 .net *"_s69", 14 0, L_0x13f39d0; 1 drivers
v0x13f10b0_0 .net *"_s8", 0 0, C4<0>; 1 drivers
v0x13f12c0_0 .var "abs_in", 31 0;
v0x13f1200_0 .net "abs_lshift_2", 31 0, L_0x13f32d0; 1 drivers
v0x13f1430_0 .net "abs_lshift_3", 31 0, L_0x13f3080; 1 drivers
v0x13f1340_0 .net "abs_lshift_5", 31 0, L_0x13f2f00; 1 drivers
v0x13f15b0_0 .var "add_0", 15 0;
v0x13f14b0_0 .var "add_1", 15 0;
v0x13f1740_0 .net "clk", 0 0, v0x13f1a00_0; 1 drivers
v0x13f1630_0 .net "in_lshift_2", 15 0, L_0x13f3840; 1 drivers
v0x13f18e0_0 .net "in_lshift_3", 15 0, L_0x13f38e0; 1 drivers
v0x13f17c0_0 .net "in_lshift_5", 15 0, L_0x13f35d0; 1 drivers
v0x13f1860_0 .net "plan_in", 31 0, v0x13f1cf0_0; 1 drivers
v0x13f1aa0_0 .var "plan_out", 15 0;
v0x13f1b20_0 .net "rst_n", 0 0, v0x13f1df0_0; 1 drivers
RS_0x7f7102f75798 .resolv tri, L_0x13f1ed0, L_0x13f2390, L_0x13f28e0, C4<zzz>;
v0x13f1960_0 .net8 "sel", 2 0, RS_0x7f7102f75798; 3 drivers
E_0x13bfa70/0 .event negedge, v0x13f1b20_0;
E_0x13bfa70/1 .event posedge, v0x13f1740_0;
E_0x13bfa70 .event/or E_0x13bfa70/0, E_0x13bfa70/1;
E_0x13c4430 .event edge, v0x13f1960_0, v0x13f1630_0, v0x13f18e0_0, v0x13f17c0_0;
E_0x13c48b0 .event edge, v0x13f1860_0;
L_0x13f1ed0 .part/pv L_0x13f21b0, 0, 1, 3;
L_0x13f2030 .cmp/ge 32, v0x13f12c0_0, C4<00000101000000000000000000000000>;
L_0x13f21b0 .functor MUXZ 1, C4<0>, C4<1>, L_0x13f2030, C4<>;
L_0x13f2390 .part/pv L_0x13f26c0, 1, 1, 3;
L_0x13f24c0 .cmp/ge 32, v0x13f12c0_0, C4<00000010011000000000000000000000>;
L_0x13f26c0 .functor MUXZ 1, C4<0>, C4<1>, L_0x13f24c0, C4<>;
L_0x13f28e0 .part/pv L_0x13f2b50, 2, 1, 3;
L_0x13f29c0 .cmp/ge 32, v0x13f12c0_0, C4<00000001000000000000000000000000>;
L_0x13f2b50 .functor MUXZ 1, C4<0>, C4<1>, L_0x13f29c0, C4<>;
L_0x13f2d30 .part v0x13f12c0_0, 5, 27;
L_0x13f2f00 .concat [ 27 5 0 0], L_0x13f2d30, C4<00000>;
L_0x13f2fa0 .part v0x13f12c0_0, 3, 29;
L_0x13f3080 .concat [ 29 3 0 0], L_0x13f2fa0, C4<000>;
L_0x13f3170 .part v0x13f12c0_0, 2, 30;
L_0x13f32d0 .concat [ 30 2 0 0], L_0x13f3170, C4<00>;
L_0x13f3450 .part L_0x13f2f00, 12, 15;
L_0x13f35d0 .concat [ 15 1 0 0], L_0x13f3450, C4<0>;
L_0x13f3750 .part L_0x13f3080, 12, 15;
L_0x13f38e0 .concat [ 15 1 0 0], L_0x13f3750, C4<0>;
L_0x13f39d0 .part L_0x13f32d0, 12, 15;
L_0x13f3840 .concat [ 15 1 0 0], L_0x13f39d0, C4<0>;
    .scope S_0x13beea0;
T_0 ;
    %wait E_0x13c48b0;
    %ix/load 1, 31, 0;
    %mov 4, 0, 1;
    %jmp/1 T_0.0, 4;
    %load/x1p 8, v0x13f1860_0, 1;
    %jmp T_0.1;
T_0.0 ;
    %mov 8, 2, 1;
T_0.1 ;
; Save base=8 wid=1 in lookaside.
    %jmp/0xz  T_0.2, 8;
    %load/v 8, v0x13f1860_0, 31; Only need 31 of 32 bits
; Save base=8 wid=31 in lookaside.
    %inv 8, 31;
    %and/r 8, 8, 31;
    %jmp/0  T_0.4, 8;
    %ix/load 0, 1, 0;
    %load/vp0 9, v0x13f1860_0, 32;
    %inv 9, 32;
    %addi 9, 1, 32;
    %jmp/1  T_0.6, 8;
T_0.4 ; End of true expr.
    %load/v 41, v0x13f1860_0, 32;
    %inv 41, 32;
    %addi 41, 1, 32;
    %jmp/0  T_0.5, 8;
 ; End of false expr.
    %blend  9, 41, 32; Condition unknown.
    %jmp  T_0.6;
T_0.5 ;
    %mov 9, 41, 32; Return false value
T_0.6 ;
    %set/v v0x13f12c0_0, 9, 32;
    %jmp T_0.3;
T_0.2 ;
    %load/v 8, v0x13f1860_0, 32;
    %set/v v0x13f12c0_0, 8, 32;
T_0.3 ;
    %jmp T_0;
    .thread T_0, $push;
    .scope S_0x13beea0;
T_1 ;
    %wait E_0x13c4430;
    %set/v v0x13f15b0_0, 0, 16;
    %set/v v0x13f14b0_0, 0, 16;
    %load/v 8, v0x13f1960_0, 3;
    %cmpi/u 8, 0, 3;
    %jmp/1 T_1.0, 6;
    %cmpi/u 8, 4, 3;
    %jmp/1 T_1.1, 6;
    %cmpi/u 8, 6, 3;
    %jmp/1 T_1.2, 6;
    %cmpi/u 8, 7, 3;
    %jmp/1 T_1.3, 6;
    %set/v v0x13f15b0_0, 0, 16;
    %movi 8, 4096, 16;
    %set/v v0x13f14b0_0, 8, 16;
    %jmp T_1.5;
T_1.0 ;
    %movi 8, 2048, 16;
    %set/v v0x13f15b0_0, 8, 16;
    %load/v 8, v0x13f1630_0, 16;
    %set/v v0x13f14b0_0, 8, 16;
    %jmp T_1.5;
T_1.1 ;
    %movi 8, 2560, 16;
    %set/v v0x13f15b0_0, 8, 16;
    %load/v 8, v0x13f18e0_0, 16;
    %set/v v0x13f14b0_0, 8, 16;
    %jmp T_1.5;
T_1.2 ;
    %movi 8, 3456, 16;
    %set/v v0x13f15b0_0, 8, 16;
    %load/v 8, v0x13f17c0_0, 16;
    %set/v v0x13f14b0_0, 8, 16;
    %jmp T_1.5;
T_1.3 ;
    %set/v v0x13f15b0_0, 0, 16;
    %movi 8, 4096, 16;
    %set/v v0x13f14b0_0, 8, 16;
    %jmp T_1.5;
T_1.5 ;
    %jmp T_1;
    .thread T_1, $push;
    .scope S_0x13beea0;
T_2 ;
    %wait E_0x13bfa70;
    %load/v 8, v0x13f1b20_0, 1;
    %inv 8, 1;
    %jmp/0xz  T_2.0, 8;
    %ix/load 0, 16, 0;
    %assign/v0 v0x13f1aa0_0, 0, 0;
    %jmp T_2.1;
T_2.0 ;
    %ix/load 1, 31, 0;
    %mov 4, 0, 1;
    %jmp/1 T_2.5, 4;
    %load/x1p 8, v0x13f1860_0, 1;
    %jmp T_2.6;
T_2.5 ;
    %mov 8, 2, 1;
T_2.6 ;
; Save base=8 wid=1 in lookaside.
    %inv 8, 1;
    %jmp/0  T_2.2, 8;
    %load/v 9, v0x13f15b0_0, 16;
    %load/v 25, v0x13f14b0_0, 16;
    %add 9, 25, 16;
    %jmp/1  T_2.4, 8;
T_2.2 ; End of true expr.
    %movi 25, 4096, 16;
    %load/v 41, v0x13f15b0_0, 16;
    %load/v 57, v0x13f14b0_0, 16;
    %add 41, 57, 16;
    %sub 25, 41, 16;
    %jmp/0  T_2.3, 8;
 ; End of false expr.
    %blend  9, 25, 16; Condition unknown.
    %jmp  T_2.4;
T_2.3 ;
    %mov 9, 25, 16; Return false value
T_2.4 ;
    %ix/load 0, 16, 0;
    %assign/v0 v0x13f1aa0_0, 0, 9;
T_2.1 ;
    %jmp T_2;
    .thread T_2;
    .scope S_0x13c00e0;
T_3 ;
    %delay 5, 0;
    %load/v 8, v0x13f1a00_0, 1;
    %inv 8, 1;
    %set/v v0x13f1a00_0, 8, 1;
    %jmp T_3;
    .thread T_3;
    .scope S_0x13c00e0;
T_4 ;
    %vpi_call 2 13 "$dumpfile", "test4sigmoid.vcd";
    %vpi_call 2 14 "$dumpvars", 1'sb0, S_0x13beea0;
    %vpi_call 2 15 "$dumplimit", 18'sb011000011010100000;
    %ix/load 0, 1, 0;
    %assign/v0 v0x13f1a00_0, 0, 0;
    %ix/load 0, 1, 0;
    %assign/v0 v0x13f1df0_0, 0, 0;
    %delay 10, 0;
    %ix/load 0, 1, 0;
    %assign/v0 v0x13f1df0_0, 0, 1;
    %delay 5, 0;
    %movi 8, 4286578688, 32;
    %ix/load 0, 32, 0;
    %assign/v0 v0x13f1cf0_0, 0, 8;
    %delay 10, 0;
    %movi 8, 20971520, 32;
    %ix/load 0, 32, 0;
    %assign/v0 v0x13f1cf0_0, 0, 8;
    %delay 10, 0;
    %movi 8, 41943040, 32;
    %ix/load 0, 32, 0;
    %assign/v0 v0x13f1cf0_0, 0, 8;
    %delay 10, 0;
    %movi 8, 4206886912, 32;
    %ix/load 0, 32, 0;
    %assign/v0 v0x13f1cf0_0, 0, 8;
    %delay 10, 0;
    %movi 8, 8388608, 32;
    %ix/load 0, 32, 0;
    %assign/v0 v0x13f1cf0_0, 0, 8;
    %delay 10, 0;
    %movi 8, 4273995776, 32;
    %ix/load 0, 32, 0;
    %assign/v0 v0x13f1cf0_0, 0, 8;
    %delay 10, 0;
    %movi 8, 4253024256, 32;
    %ix/load 0, 32, 0;
    %assign/v0 v0x13f1cf0_0, 0, 8;
    %delay 10, 0;
    %movi 8, 88080384, 32;
    %ix/load 0, 32, 0;
    %assign/v0 v0x13f1cf0_0, 0, 8;
    %delay 10, 0;
    %delay 100, 0;
    %vpi_call 2 39 "$finish";
    %end;
    .thread T_4;
# The file index is used to find the file name in the following table.
:file_names 4;
    "N/A";
    "<interactive>";
    "test4sigmoid.v";
    "sigmoid.v";
